--- Starting Call Recordings Backfill ---
Found 1534 calls to process
Processing batch 1/77 (20 calls)
Batch 1 complete: 0 recordings found
Processing batch 2/77 (20 calls)
Batch 2 complete: 0 recordings found
Processing batch 3/77 (20 calls)
Batch 3 complete: 0 recordings found
Processing batch 4/77 (20 calls)
Batch 4 complete: 0 recordings found
Processing batch 5/77 (20 calls)
Batch 5 complete: 0 recordings found
Processing batch 6/77 (20 calls)
Batch 6 complete: 0 recordings found
Processing batch 7/77 (20 calls)
Batch 7 complete: 1 recordings found
Processing batch 8/77 (20 calls)
Batch 8 complete: 0 recordings found
Processing batch 9/77 (20 calls)
Batch 9 complete: 1 recordings found
Processing batch 10/77 (20 calls)
Batch 10 complete: 1 recordings found
Processing batch 11/77 (20 calls)
Batch 11 complete: 0 recordings found
Processing batch 12/77 (20 calls)
Batch 12 complete: 0 recordings found
Processing batch 13/77 (20 calls)
Batch 13 complete: 1 recordings found
Processing batch 14/77 (20 calls)
Batch 14 complete: 8 recordings found
Processing batch 15/77 (20 calls)
Batch 15 complete: 12 recordings found
Processing batch 16/77 (20 calls)
Batch 16 complete: 17 recordings found
Processing batch 17/77 (20 calls)
Batch 17 complete: 17 recordings found
Processing batch 18/77 (20 calls)
Batch 18 complete: 16 recordings found
Processing batch 19/77 (20 calls)
Batch 19 complete: 12 recordings found
Processing batch 20/77 (20 calls)
Batch 20 complete: 18 recordings found
Processing batch 21/77 (20 calls)
Batch 21 complete: 14 recordings found
Processing batch 22/77 (20 calls)
Batch 22 complete: 15 recordings found
Processing batch 23/77 (20 calls)
Batch 23 complete: 17 recordings found
Processing batch 24/77 (20 calls)
Batch 24 complete: 19 recordings found
Processing batch 25/77 (20 calls)
Batch 25 complete: 17 recordings found
Processing batch 26/77 (20 calls)
Batch 26 complete: 14 recordings found
Processing batch 27/77 (20 calls)
Batch 27 complete: 15 recordings found
Processing batch 28/77 (20 calls)
Batch 28 complete: 14 recordings found
Processing batch 29/77 (20 calls)
Batch 29 complete: 7 recordings found
Processing batch 30/77 (20 calls)
Batch 30 complete: 15 recordings found
Processing batch 31/77 (20 calls)
Batch 31 complete: 16 recordings found
Processing batch 32/77 (20 calls)
Batch 32 complete: 14 recordings found
Processing batch 33/77 (20 calls)
Batch 33 complete: 15 recordings found
Processing batch 34/77 (20 calls)
Batch 34 complete: 13 recordings found
Processing batch 35/77 (20 calls)
Batch 35 complete: 16 recordings found
Processing batch 36/77 (20 calls)
Batch 36 complete: 15 recordings found
Processing batch 37/77 (20 calls)
Batch 37 complete: 18 recordings found
Processing batch 38/77 (20 calls)
Batch 38 complete: 12 recordings found
Processing batch 39/77 (20 calls)
Batch 39 complete: 18 recordings found
Processing batch 40/77 (20 calls)
Batch 40 complete: 13 recordings found
Processing batch 41/77 (20 calls)
Batch 41 complete: 15 recordings found
Processing batch 42/77 (20 calls)
Batch 42 complete: 17 recordings found
Processing batch 43/77 (20 calls)
Batch 43 complete: 16 recordings found
Processing batch 44/77 (20 calls)
Batch 44 complete: 15 recordings found
Processing batch 45/77 (20 calls)
Batch 45 complete: 17 recordings found
Processing batch 46/77 (20 calls)
Batch 46 complete: 15 recordings found
Processing batch 47/77 (20 calls)
Batch 47 complete: 13 recordings found
Processing batch 48/77 (20 calls)
Batch 48 complete: 7 recordings found
Processing batch 49/77 (20 calls)
Batch 49 complete: 14 recordings found
Processing batch 50/77 (20 calls)
Batch 50 complete: 16 recordings found
Processing batch 51/77 (20 calls)
Batch 51 complete: 13 recordings found
Processing batch 52/77 (20 calls)
Batch 52 complete: 12 recordings found
Processing batch 53/77 (20 calls)
Batch 53 complete: 13 recordings found
Processing batch 54/77 (20 calls)
Batch 54 complete: 9 recordings found
Processing batch 55/77 (20 calls)
Batch 55 complete: 15 recordings found
Processing batch 56/77 (20 calls)
Batch 56 complete: 12 recordings found
Processing batch 57/77 (20 calls)
Batch 57 complete: 12 recordings found
Processing batch 58/77 (20 calls)
Batch 58 complete: 14 recordings found
Processing batch 59/77 (20 calls)
Batch 59 complete: 9 recordings found
Processing batch 60/77 (20 calls)
Batch 60 complete: 9 recordings found
Processing batch 61/77 (20 calls)
Batch 61 complete: 15 recordings found
Processing batch 62/77 (20 calls)
Batch 62 complete: 15 recordings found
Processing batch 63/77 (20 calls)
Batch 63 complete: 17 recordings found
Processing batch 64/77 (20 calls)
Batch 64 complete: 13 recordings found
Processing batch 65/77 (20 calls)
Batch 65 complete: 12 recordings found
Processing batch 66/77 (20 calls)
Batch 66 complete: 4 recordings found
Processing batch 67/77 (20 calls)
Batch 67 complete: 0 recordings found
Processing batch 68/77 (20 calls)
Batch 68 complete: 3 recordings found
Processing batch 69/77 (20 calls)
Batch 69 complete: 1 recordings found
Processing batch 70/77 (20 calls)
Batch 70 complete: 4 recordings found
Processing batch 71/77 (20 calls)
Batch 71 complete: 7 recordings found
Processing batch 72/77 (20 calls)
Batch 72 complete: 15 recordings found
Processing batch 73/77 (20 calls)
Batch 73 complete: 15 recordings found
Processing batch 74/77 (20 calls)
Batch 74 complete: 7 recordings found
Processing batch 75/77 (20 calls)
Batch 75 complete: 9 recordings found
Processing batch 76/77 (20 calls)
Batch 76 complete: 14 recordings found
Processing batch 77/77 (14 calls)
Batch 77 complete: 12 recordings found
--- Call Recordings Backfill Complete ---
Calls Processed: 1534
Recordings Found: 827
Recordings Saved: 827
API Errors: 0
Database Errors: 0
Recording Success Rate: 53.9%
Database State: 1502/2213 calls have recordings
